<?xml version="1.0" encoding="UTF-8"?>
<!-- Generated by org.testng.reporters.JUnitReportReporter -->
<testsuite ignored="0" hostname="INLEN8520087171" failures="0" tests="1" name="tests.AddItems" time="59.284" errors="0" timestamp="09 Jan 2023 11:26:33 GMT" skipped="0">
  <testcase classname="tests.AddItems" name="addItems" time="59.284"/>
</testsuite> <!-- tests.AddItems -->
